<?xml version="1.0" encoding="UTF-8"?>
<!-- Generated by org.testng.reporters.JUnitXMLReporter -->
<testsuite ignored="0" hostname="NODE2225" failures="1" tests="2" name="ErrorValidationTest" time="15.331" errors="0" timestamp="2025-01-04T20:45:01 IST">
  <testcase classname="framework.Tests.ErrorValidationTest" name="LoginErrorValidation" time="0.45">
    <failure type="java.lang.AssertionError" message="expected [Incorrect email or password.] but found [Incorrect email or password..]">
      <![CDATA[java.lang.AssertionError: expected [Incorrect email or password.] but found [Incorrect email or password..]
at framework.Tests.ErrorValidationTest.LoginErrorValidation(ErrorValidationTest.java:22)
at java.base/java.util.ArrayList.forEach(ArrayList.java:1597)
... Removed 31 stack frames]]>
    </failure>
  </testcase> <!-- LoginErrorValidation -->
  <testcase classname="framework.Tests.ErrorValidationTest" name="ProductErrorValidation" time="0.957"/>
</testsuite> <!-- ErrorValidationTest -->
