<?xml version="1.0" encoding="UTF-8"?>
<!-- Generated by org.testng.reporters.JUnitXMLReporter -->
<testsuite ignored="1" hostname="NODE2225" failures="0" tests="4" name="example Tests" time="0.067" errors="0" timestamp="2024-12-04T10:19:33 IST">
  <testcase classname="practice.Testngexp1" name="check1" time="0.013"/>
  <testcase classname="practice.Testngexp1" name="check2" time="0.002"/>
  <testcase classname="practice.Testngexp2" name="test1" time="0.002"/>
  <testcase classname="practice.Testngexp2" name="test3" time="0.002"/>
  <testcase classname="practice.Testngexp2" name="test2" time="0.0">
    <ignored/>
  </testcase> <!-- test2 -->
</testsuite> <!-- example Tests -->
