<?xml version="1.0" encoding="UTF-8"?>
<!-- Generated by org.testng.reporters.JUnitXMLReporter -->
<testsuite ignored="3" hostname="NODE2225" failures="0" tests="1" name="Home loan" time="0.05" errors="0" timestamp="2024-12-18T11:12:47 IST">
  <testcase classname="practice.HomeLoan" name="check4" time="0.009"/>
  <testcase classname="practice.HomeLoan" name="check3" time="0.0">
    <ignored/>
  </testcase> <!-- check3 -->
  <testcase classname="practice.HomeLoan" name="check2" time="0.0">
    <ignored/>
  </testcase> <!-- check2 -->
  <testcase classname="practice.HomeLoan" name="check1" time="0.0">
    <ignored/>
  </testcase> <!-- check1 -->
</testsuite> <!-- Home loan -->
