<?xml version="1.0" encoding="UTF-8"?>
<!-- Generated by org.testng.reporters.JUnitXMLReporter -->
<testsuite ignored="2" hostname="NODE2225" failures="0" tests="7" name="Mobile Tests" time="0.078" errors="0" timestamp="2024-12-18T11:12:47 IST">
  <testcase classname="practice.Testngexp1" name="mobileTest1" time="0.009"/>
  <testcase classname="practice.Testngexp1" name="mobileTest2" time="0.003"/>
  <testcase classname="practice.Testngexp1" name="mobileTest4" time="0.001"/>
  <testcase classname="practice.Testngexp1" name="mobileTest5" time="0.002"/>
  <testcase classname="practice.Testngexp1" name="mobileTest6" time="0.002"/>
  <testcase classname="practice.Testngexp2" name="test1" time="0.001"/>
  <testcase classname="practice.Testngexp2" name="test3" time="0.001"/>
  <testcase classname="practice.Testngexp1" name="mobileTest3" time="0.0">
    <ignored/>
  </testcase> <!-- mobileTest3 -->
  <testcase classname="practice.Testngexp2" name="test2" time="0.0">
    <ignored/>
  </testcase> <!-- test2 -->
</testsuite> <!-- Mobile Tests -->
