<?xml version="1.0" encoding="UTF-8"?>
<!-- Generated by org.testng.reporters.JUnitXMLReporter -->
<testsuite ignored="1" hostname="NODE2225" failures="1" tests="13" name="Mobile and Desktop Tests" time="0.112" errors="0" timestamp="2024-12-16T14:01:03 IST">
  <testcase classname="testngprg.Desktoptests" name="test1" time="0.006"/>
  <testcase classname="testngprg.Desktoptests" name="test2" time="0.001"/>
  <testcase classname="testngprg.Desktoptests" name="test3" time="0.007">
    <failure type="java.lang.AssertionError" message="expected [true] but found [false]">
      <![CDATA[java.lang.AssertionError: expected [true] but found [false]
at testngprg.Desktoptests.test3(Desktoptests.java:79)
at java.base/java.util.ArrayList.forEach(ArrayList.java:1597)
... Removed 29 stack frames]]>
    </failure>
  </testcase> <!-- test3 -->
  <testcase classname="testngprg.Helperattributes" name="dependsontest1" time="0.003"/>
  <testcase classname="testngprg.Helperattributes" name="dependsontest1" time="0.001"/>
  <testcase classname="testngprg.Helperattributes" name="timeouttest" time="0.004"/>
  <testcase classname="testngprg.Helperattributes" name="adependsontest2" time="0.0"/>
  <testcase classname="testngprg.Mobiletests" name="mobileTest1" time="0.001"/>
  <testcase classname="testngprg.Mobiletests" name="mobileTest2" time="0.001"/>
  <testcase classname="testngprg.Mobiletests" name="mobileTest3" time="0.001"/>
  <testcase classname="testngprg.Mobiletests" name="mobileTest4" time="0.002"/>
  <testcase classname="testngprg.Mobiletests" name="mobileTest5" time="0.002"/>
  <testcase classname="testngprg.Mobiletests" name="mobileTest6" time="0.001"/>
  <testcase classname="testngprg.Helperattributes" name="enabledtruefalse" time="0.0">
    <ignored/>
  </testcase> <!-- enabledtruefalse -->
</testsuite> <!-- Mobile and Desktop Tests -->
