<?xml version="1.0" encoding="UTF-8"?>
<!-- Generated by org.testng.reporters.JUnitXMLReporter -->
<testsuite ignored="11" hostname="NODE2225" failures="0" tests="4" name="Regression" time="0.062" errors="0" timestamp="2024-12-04T16:34:50 IST">
  <testcase classname="practice.HomeLoan" name="check1" time="0.009"/>
  <testcase classname="practice.CarLoan" name="check2" time="0.001"/>
  <testcase classname="testngprg.Desktoptests" name="test1" time="0.001"/>
  <testcase classname="testngprg.Mobiletests" name="mobileTest2" time="0.002"/>
  <testcase classname="testngprg.Mobiletests" name="mobileTest4" time="0.0">
    <ignored/>
  </testcase> <!-- mobileTest4 -->
  <testcase classname="testngprg.Mobiletests" name="mobileTest5" time="0.0">
    <ignored/>
  </testcase> <!-- mobileTest5 -->
  <testcase classname="testngprg.Mobiletests" name="mobileTest6" time="0.0">
    <ignored/>
  </testcase> <!-- mobileTest6 -->
  <testcase classname="practice.CarLoan" name="check1" time="0.0">
    <ignored/>
  </testcase> <!-- check1 -->
  <testcase classname="testngprg.Desktoptests" name="test2" time="0.0">
    <ignored/>
  </testcase> <!-- test2 -->
  <testcase classname="testngprg.Mobiletests" name="mobileTest3" time="0.0">
    <ignored/>
  </testcase> <!-- mobileTest3 -->
  <testcase classname="practice.HomeLoan" name="check4" time="0.0">
    <ignored/>
  </testcase> <!-- check4 -->
  <testcase classname="testngprg.Desktoptests" name="test3" time="0.0">
    <ignored/>
  </testcase> <!-- test3 -->
  <testcase classname="practice.HomeLoan" name="check3" time="0.0">
    <ignored/>
  </testcase> <!-- check3 -->
  <testcase classname="testngprg.Mobiletests" name="mobileTest1" time="0.0">
    <ignored/>
  </testcase> <!-- mobileTest1 -->
  <testcase classname="practice.HomeLoan" name="check2" time="0.0">
    <ignored/>
  </testcase> <!-- check2 -->
</testsuite> <!-- Regression -->
