<?xml version="1.0" encoding="UTF-8"?>
<!-- Generated by org.testng.reporters.JUnitXMLReporter -->
<testsuite ignored="0" hostname="NODE2225" failures="1" tests="3" name="SubmitOrderTest" time="30.129" errors="0" timestamp="2025-01-07T16:43:02 IST">
  <testcase classname="framework.Tests.SubmitOrderTest" name="submitOrderTest" time="21.247">
    <failure type="java.lang.AssertionError" message="expected [true] but found [false]">
      <![CDATA[java.lang.AssertionError: expected [true] but found [false]
at framework.Tests.SubmitOrderTest.submitOrderTest(SubmitOrderTest.java:62)
at java.base/java.util.ArrayList.forEach(ArrayList.java:1597)
... Removed 29 stack frames]]>
    </failure>
  </testcase> <!-- submitOrderTest -->
  <testcase classname="framework.Tests.SubmitOrderTest" name="submitOrderTest" time="3.4"/>
  <testcase classname="framework.Tests.SubmitOrderTest" name="OrderHistoryTest" time="0.0">
    <skipped/>
  </testcase> <!-- OrderHistoryTest -->
</testsuite> <!-- SubmitOrderTest -->
