<?xml version="1.0" encoding="UTF-8"?>
<testng-results ignored="0" total="1" passed="0" failed="1" skipped="0">
  <reporter-output>
  </reporter-output>
  <suite started-at="2025-01-14T11:39:32 IST" name="Default suite" finished-at="2025-01-14T11:39:43 IST" duration-ms="11219">
    <groups>
      <group name="cucumber">
        <method signature="AbstractTestNGCucumberTests.runScenario(io.cucumber.testng.PickleWrapper,io.cucumber.testng.FeatureWrapper)[pri:0, instance:cucumberTests.TestNGRunner@66d18979]" name="runScenario" class="io.cucumber.testng.AbstractTestNGCucumberTests"/>
      </group> <!-- cucumber -->
    </groups>
    <test started-at="2025-01-14T11:39:32 IST" name="Default test" finished-at="2025-01-14T11:39:43 IST" duration-ms="11219">
      <class name="cucumberTests.TestNGRunner">
        <test-method is-config="true" signature="setUpClass(org.testng.ITestContext)[pri:0, instance:cucumberTests.TestNGRunner@66d18979]" started-at="2025-01-14T11:39:32 IST" name="setUpClass" finished-at="2025-01-14T11:39:33 IST" duration-ms="483" status="PASS">
          <params>
            <param index="0">
              <value>
                <![CDATA[org.testng.TestRunner@7f7b6639]]>
              </value>
            </param>
          </params>
          <reporter-output>
          </reporter-output>
        </test-method> <!-- setUpClass -->
        <test-method signature="runScenario(io.cucumber.testng.PickleWrapper,io.cucumber.testng.FeatureWrapper)[pri:0, instance:cucumberTests.TestNGRunner@66d18979]" started-at="2025-01-14T11:39:33 IST" name="runScenario" description="Runs Cucumber Scenarios" data-provider="scenarios" finished-at="2025-01-14T11:39:43 IST" duration-ms="10679" status="FAIL">
          <params>
            <param index="0">
              <value>
                <![CDATA["Order placement test"]]>
              </value>
            </param>
            <param index="1">
              <value>
                <![CDATA["Purchase order test"]]>
              </value>
            </param>
          </params>
          <exception class="org.openqa.selenium.ElementClickInterceptedException">
            <message>
              <![CDATA[element click intercepted: Element is not clickable at point (1219, 790)
  (Session info: chrome=131.0.6778.265)
Build info: version: '4.25.0', revision: '8a8aea2337'
System info: os.name: 'Windows 10', os.arch: 'amd64', os.version: '10.0', java.version: '22.0.2'
Driver info: org.openqa.selenium.chrome.ChromeDriver
Command: [a1df1907481c8f35c07ae222ff98e9ae, clickElement {id=f.F51741ECA1AAAC456A6AD957E271DFA6.d.15A043BD78E2F4BAEF8E3BFDA34CB234.e.97}]
Capabilities {acceptInsecureCerts: false, browserName: chrome, browserVersion: 131.0.6778.265, chrome: {chromedriverVersion: 131.0.6778.264 (2d05e315153..., userDataDir: C:\Users\VEERA~1.PUP\AppDat...}, fedcm:accounts: true, goog:chromeOptions: {debuggerAddress: localhost:54064}, networkConnectionEnabled: false, pageLoadStrategy: normal, platformName: windows, proxy: Proxy(), se:cdp: ws://localhost:54064/devtoo..., se:cdpVersion: 131.0.6778.265, setWindowRect: true, strictFileInteractability: false, timeouts: {implicit: 0, pageLoad: 300000, script: 30000}, unhandledPromptBehavior: dismiss and notify, webauthn:extension:credBlob: true, webauthn:extension:largeBlob: true, webauthn:extension:minPinLength: true, webauthn:extension:prf: true, webauthn:virtualAuthenticators: true}
Element: [[[[ChromeDriver: chrome on windows (a1df1907481c8f35c07ae222ff98e9ae)] -> css selector: .mb-3]] -> css selector: .card-body button:last-of-type]
Session ID: a1df1907481c8f35c07ae222ff98e9ae]]>
            </message>
            <full-stacktrace>
              <![CDATA[org.openqa.selenium.ElementClickInterceptedException: element click intercepted: Element is not clickable at point (1219, 790)
  (Session info: chrome=131.0.6778.265)
Build info: version: '4.25.0', revision: '8a8aea2337'
System info: os.name: 'Windows 10', os.arch: 'amd64', os.version: '10.0', java.version: '22.0.2'
Driver info: org.openqa.selenium.chrome.ChromeDriver
Command: [a1df1907481c8f35c07ae222ff98e9ae, clickElement {id=f.F51741ECA1AAAC456A6AD957E271DFA6.d.15A043BD78E2F4BAEF8E3BFDA34CB234.e.97}]
Capabilities {acceptInsecureCerts: false, browserName: chrome, browserVersion: 131.0.6778.265, chrome: {chromedriverVersion: 131.0.6778.264 (2d05e315153..., userDataDir: C:\Users\VEERA~1.PUP\AppDat...}, fedcm:accounts: true, goog:chromeOptions: {debuggerAddress: localhost:54064}, networkConnectionEnabled: false, pageLoadStrategy: normal, platformName: windows, proxy: Proxy(), se:cdp: ws://localhost:54064/devtoo..., se:cdpVersion: 131.0.6778.265, setWindowRect: true, strictFileInteractability: false, timeouts: {implicit: 0, pageLoad: 300000, script: 30000}, unhandledPromptBehavior: dismiss and notify, webauthn:extension:credBlob: true, webauthn:extension:largeBlob: true, webauthn:extension:minPinLength: true, webauthn:extension:prf: true, webauthn:virtualAuthenticators: true}
Element: [[[[ChromeDriver: chrome on windows (a1df1907481c8f35c07ae222ff98e9ae)] -> css selector: .mb-3]] -> css selector: .card-body button:last-of-type]
Session ID: a1df1907481c8f35c07ae222ff98e9ae
at java.base/jdk.internal.reflect.DirectConstructorHandleAccessor.newInstance(DirectConstructorHandleAccessor.java:62)
at java.base/java.lang.reflect.Constructor.newInstanceWithCaller(Constructor.java:502)
at java.base/java.lang.reflect.Constructor.newInstance(Constructor.java:486)
at org.openqa.selenium.remote.ErrorCodec.decode(ErrorCodec.java:167)
at org.openqa.selenium.remote.codec.w3c.W3CHttpResponseCodec.decode(W3CHttpResponseCodec.java:138)
at org.openqa.selenium.remote.codec.w3c.W3CHttpResponseCodec.decode(W3CHttpResponseCodec.java:50)
at org.openqa.selenium.remote.HttpCommandExecutor.execute(HttpCommandExecutor.java:190)
at org.openqa.selenium.remote.service.DriverCommandExecutor.invokeExecute(DriverCommandExecutor.java:216)
at org.openqa.selenium.remote.service.DriverCommandExecutor.execute(DriverCommandExecutor.java:174)
at org.openqa.selenium.remote.RemoteWebDriver.execute(RemoteWebDriver.java:545)
at org.openqa.selenium.remote.RemoteWebElement.execute(RemoteWebElement.java:223)
at org.openqa.selenium.remote.RemoteWebElement.click(RemoteWebElement.java:76)
at pageobjects.productCatalogue.addProductToCart(productCatalogue.java:50)
at stepDefinitions.stepDefImpl.I_add_product_to_the_cart(stepDefImpl.java:44)
at ✽.I add product QWERTY to the cart(file:///D:/QEPractice/QEWorkspace/JavaSeleniumPractice/src/test/java/cucumberTests/PurchaseOrder.feature:9)
]]>
            </full-stacktrace>
          </exception> <!-- org.openqa.selenium.ElementClickInterceptedException -->
          <reporter-output>
          </reporter-output>
        </test-method> <!-- runScenario -->
        <test-method is-config="true" signature="tearDownClass()[pri:0, instance:cucumberTests.TestNGRunner@66d18979]" started-at="2025-01-14T11:39:43 IST" name="tearDownClass" finished-at="2025-01-14T11:39:43 IST" duration-ms="20" status="PASS">
          <reporter-output>
          </reporter-output>
        </test-method> <!-- tearDownClass -->
      </class> <!-- cucumberTests.TestNGRunner -->
    </test> <!-- Default test -->
  </suite> <!-- Default suite -->
</testng-results>
