<?xml version="1.0" encoding="UTF-8"?>
<!-- Generated by org.testng.reporters.JUnitXMLReporter -->
<testsuite ignored="3" hostname="NODE2225" failures="0" tests="1" name="Default test" time="2.552" errors="0" timestamp="2024-10-18T13:38:51 IST">
  <testcase classname="APITests.GETReq" name="Test4_GET" time="2.215"/>
  <testcase classname="APITests.GETReq" name="Test2_GET" time="0.0">
    <ignored/>
  </testcase> <!-- Test2_GET -->
  <testcase classname="APITests.GETReq" name="Test1_GET" time="0.0">
    <ignored/>
  </testcase> <!-- Test1_GET -->
  <testcase classname="APITests.GETReq" name="Test3_GET" time="0.0">
    <ignored/>
  </testcase> <!-- Test3_GET -->
</testsuite> <!-- Default test -->
