<?xml version="1.0" encoding="UTF-8"?>
<testng-results ignored="0" total="1" passed="1" failed="0" skipped="0">
  <reporter-output>
  </reporter-output>
  <suite started-at="2024-10-18T13:38:49 IST" name="Default suite" finished-at="2024-10-18T13:38:51 IST" duration-ms="2552">
    <groups>
    </groups>
    <test started-at="2024-10-18T13:38:49 IST" name="Default test" finished-at="2024-10-18T13:38:51 IST" duration-ms="2552">
      <class name="APITests.GETReq">
        <test-method is-config="true" signature="setUp()[pri:0, instance:APITests.GETReq@33d512c1]" started-at="2024-10-18T13:38:49 IST" name="setUp" finished-at="2024-10-18T13:38:49 IST" duration-ms="295" status="PASS">
          <reporter-output>
          </reporter-output>
        </test-method> <!-- setUp -->
        <test-method signature="Test4_GET()[pri:0, instance:APITests.GETReq@33d512c1]" started-at="2024-10-18T13:38:49 IST" name="Test4_GET" finished-at="2024-10-18T13:38:51 IST" duration-ms="2215" status="PASS">
          <reporter-output>
          </reporter-output>
        </test-method> <!-- Test4_GET -->
      </class> <!-- APITests.GETReq -->
    </test> <!-- Default test -->
  </suite> <!-- Default suite -->
</testng-results>
